<?xml version="1.0" encoding="UTF-8"?>
<!-- Generated by org.testng.reporters.JUnitReportReporter -->
<testsuite hostname="0913-3422" failures="0" tests="1" name="test.LoginTest" time="0.634" errors="0" timestamp="2025-01-24T19:39:15 IST" skipped="0">
  <testcase classname="test.LoginTest" name="VerifyLogin" time="0.634"/>
  <system-out/>
</testsuite> <!-- test.LoginTest -->
